{"/home/quackles/dev/trilogy/email-generator/src/app.js": {"path":"/home/quackles/dev/trilogy/email-generator/src/app.js","statementMap":{"0":{"start":{"line":1,"column":25},"end":{"line":1,"column":64}},"1":{"start":{"line":2,"column":16},"end":{"line":2,"column":49}},"2":{"start":{"line":4,"column":14},"end":{"line":7,"column":1}},"3":{"start":{"line":9,"column":0},"end":{"line":9,"column":20}}},"fnMap":{},"branchMap":{},"s":{"0":0,"1":0,"2":0,"3":0},"f":{},"b":{}}
,"/home/quackles/dev/trilogy/email-generator/src/consts/index.js": {"path":"/home/quackles/dev/trilogy/email-generator/src/consts/index.js","statementMap":{"0":{"start":{"line":1,"column":19},"end":{"line":1,"column":38}},"1":{"start":{"line":2,"column":24},"end":{"line":2,"column":44}},"2":{"start":{"line":3,"column":22},"end":{"line":3,"column":44}},"3":{"start":{"line":4,"column":20},"end":{"line":4,"column":40}},"4":{"start":{"line":6,"column":0},"end":{"line":6,"column":61}}},"fnMap":{},"branchMap":{},"s":{"0":1,"1":1,"2":1,"3":1,"4":1},"f":{},"b":{},"_coverageSchema":"1a1c01bbd47fc00a2c39e90264f33305004495a9","hash":"9696d5102fc26fbf7d08b79c48f8ab80fdebe14f"}
,"/home/quackles/dev/trilogy/email-generator/src/consts/locales.js": {"path":"/home/quackles/dev/trilogy/email-generator/src/consts/locales.js","statementMap":{"0":{"start":{"line":1,"column":16},"end":{"line":10,"column":1}},"1":{"start":{"line":8,"column":4},"end":{"line":8,"column":27}},"2":{"start":{"line":12,"column":0},"end":{"line":12,"column":29}}},"fnMap":{"0":{"name":"(anonymous_0)","decl":{"start":{"line":7,"column":17},"end":{"line":7,"column":18}},"loc":{"start":{"line":7,"column":29},"end":{"line":9,"column":3}},"line":7}},"branchMap":{},"s":{"0":1,"1":0,"2":1},"f":{"0":0},"b":{},"_coverageSchema":"1a1c01bbd47fc00a2c39e90264f33305004495a9","hash":"6e0520bcf05827a4ead2ea645489992db18e10b6"}
,"/home/quackles/dev/trilogy/email-generator/src/consts/message.js": {"path":"/home/quackles/dev/trilogy/email-generator/src/consts/message.js","statementMap":{"0":{"start":{"line":1,"column":17},"end":{"line":35,"column":1}},"1":{"start":{"line":9,"column":4},"end":{"line":33,"column":14}},"2":{"start":{"line":37,"column":20},"end":{"line":51,"column":11}},"3":{"start":{"line":53,"column":0},"end":{"line":53,"column":43}}},"fnMap":{"0":{"name":"(anonymous_0)","decl":{"start":{"line":2,"column":21},"end":{"line":2,"column":22}},"loc":{"start":{"line":8,"column":7},"end":{"line":34,"column":3}},"line":8}},"branchMap":{"0":{"loc":{"start":{"line":17,"column":37},"end":{"line":17,"column":70}},"type":"binary-expr","locations":[{"start":{"line":17,"column":37},"end":{"line":17,"column":45}},{"start":{"line":17,"column":49},"end":{"line":17,"column":70}}],"line":17}},"s":{"0":1,"1":0,"2":1,"3":1},"f":{"0":0},"b":{"0":[0,0]},"_coverageSchema":"1a1c01bbd47fc00a2c39e90264f33305004495a9","hash":"65d02eaa538966ffbc920212e1e716fc0d0a06f8"}
,"/home/quackles/dev/trilogy/email-generator/src/consts/months.js": {"path":"/home/quackles/dev/trilogy/email-generator/src/consts/months.js","statementMap":{"0":{"start":{"line":1,"column":15},"end":{"line":18,"column":1}},"1":{"start":{"line":17,"column":38},"end":{"line":17,"column":79}},"2":{"start":{"line":20,"column":0},"end":{"line":20,"column":28}}},"fnMap":{"0":{"name":"(anonymous_0)","decl":{"start":{"line":17,"column":23},"end":{"line":17,"column":24}},"loc":{"start":{"line":17,"column":38},"end":{"line":17,"column":79}},"line":17}},"branchMap":{},"s":{"0":1,"1":3,"2":1},"f":{"0":3},"b":{},"_coverageSchema":"1a1c01bbd47fc00a2c39e90264f33305004495a9","hash":"5bc5a6550a523c4e0435fc8287b8641582524d22"}
,"/home/quackles/dev/trilogy/email-generator/src/consts/timezones.js": {"path":"/home/quackles/dev/trilogy/email-generator/src/consts/timezones.js","statementMap":{"0":{"start":{"line":2,"column":18},"end":{"line":22,"column":1}},"1":{"start":{"line":20,"column":4},"end":{"line":20,"column":31}},"2":{"start":{"line":24,"column":0},"end":{"line":24,"column":31}}},"fnMap":{"0":{"name":"(anonymous_0)","decl":{"start":{"line":19,"column":23},"end":{"line":19,"column":24}},"loc":{"start":{"line":19,"column":37},"end":{"line":21,"column":3}},"line":19}},"branchMap":{},"s":{"0":1,"1":1,"2":1},"f":{"0":1},"b":{},"_coverageSchema":"1a1c01bbd47fc00a2c39e90264f33305004495a9","hash":"b3924101a3e29a274134fca17da3856579a44eab"}
,"/home/quackles/dev/trilogy/email-generator/src/data/student-list.example.js": {"path":"/home/quackles/dev/trilogy/email-generator/src/data/student-list.example.js","statementMap":{"0":{"start":{"line":3,"column":18},"end":{"line":3,"column":27}},"1":{"start":{"line":10,"column":17},"end":{"line":21,"column":1}},"2":{"start":{"line":23,"column":0},"end":{"line":23,"column":41}}},"fnMap":{},"branchMap":{},"s":{"0":1,"1":1,"2":1},"f":{},"b":{},"_coverageSchema":"1a1c01bbd47fc00a2c39e90264f33305004495a9","hash":"481286ed2bf4d5c8ef8dc6eedc5f943b3aa51c27"}
,"/home/quackles/dev/trilogy/email-generator/src/data/student-list.js": {"path":"/home/quackles/dev/trilogy/email-generator/src/data/student-list.js","statementMap":{"0":{"start":{"line":1,"column":18},"end":{"line":1,"column":24}},"1":{"start":{"line":2,"column":19},"end":{"line":2,"column":1100}},"2":{"start":{"line":4,"column":2},"end":{"line":4,"column":43}}},"fnMap":{},"branchMap":{},"s":{"0":0,"1":0,"2":0},"f":{},"b":{}}
,"/home/quackles/dev/trilogy/email-generator/src/menu/index.js": {"path":"/home/quackles/dev/trilogy/email-generator/src/menu/index.js","statementMap":{"0":{"start":{"line":5,"column":4},"end":{"line":5,"column":29}},"1":{"start":{"line":6,"column":17},"end":{"line":6,"column":39}},"2":{"start":{"line":8,"column":0},"end":{"line":8,"column":80}}},"fnMap":{},"branchMap":{},"s":{"0":0,"1":0,"2":0},"f":{},"b":{}}
,"/home/quackles/dev/trilogy/email-generator/src/menu/main-menu.js": {"path":"/home/quackles/dev/trilogy/email-generator/src/menu/main-menu.js","statementMap":{"0":{"start":{"line":1,"column":17},"end":{"line":18,"column":1}},"1":{"start":{"line":20,"column":0},"end":{"line":20,"column":26}}},"fnMap":{},"branchMap":{},"s":{"0":0,"1":0},"f":{},"b":{}}
,"/home/quackles/dev/trilogy/email-generator/src/menu/student-menu.js": {"path":"/home/quackles/dev/trilogy/email-generator/src/menu/student-menu.js","statementMap":{"0":{"start":{"line":1,"column":31},"end":{"line":1,"column":51}},"1":{"start":{"line":7,"column":23},"end":{"line":30,"column":1}},"2":{"start":{"line":32,"column":24},"end":{"line":32,"column":26}},"3":{"start":{"line":34,"column":24},"end":{"line":49,"column":1}},"4":{"start":{"line":35,"column":2},"end":{"line":48,"column":4}},"5":{"start":{"line":51,"column":0},"end":{"line":55,"column":2}}},"fnMap":{"0":{"name":"(anonymous_0)","decl":{"start":{"line":34,"column":24},"end":{"line":34,"column":25}},"loc":{"start":{"line":34,"column":38},"end":{"line":49,"column":1}},"line":34}},"branchMap":{},"s":{"0":0,"1":0,"2":0,"3":0,"4":0,"5":0},"f":{"0":0},"b":{}}
,"/home/quackles/dev/trilogy/email-generator/src/service/main-service.js": {"path":"/home/quackles/dev/trilogy/email-generator/src/service/main-service.js","statementMap":{"0":{"start":{"line":1,"column":21},"end":{"line":1,"column":40}},"1":{"start":{"line":2,"column":20},"end":{"line":2,"column":40}},"2":{"start":{"line":3,"column":23},"end":{"line":3,"column":51}},"3":{"start":{"line":6,"column":21},"end":{"line":6,"column":44}},"4":{"start":{"line":7,"column":2},"end":{"line":7,"column":38}},"5":{"start":{"line":7,"column":32},"end":{"line":7,"column":38}},"6":{"start":{"line":11,"column":2},"end":{"line":26,"column":3}},"7":{"start":{"line":13,"column":6},"end":{"line":13,"column":39}},"8":{"start":{"line":14,"column":6},"end":{"line":14,"column":18}},"9":{"start":{"line":16,"column":6},"end":{"line":16,"column":40}},"10":{"start":{"line":17,"column":6},"end":{"line":17,"column":18}},"11":{"start":{"line":19,"column":6},"end":{"line":19,"column":41}},"12":{"start":{"line":20,"column":6},"end":{"line":20,"column":18}},"13":{"start":{"line":22,"column":6},"end":{"line":22,"column":41}},"14":{"start":{"line":23,"column":6},"end":{"line":23,"column":18}},"15":{"start":{"line":25,"column":6},"end":{"line":25,"column":19}},"16":{"start":{"line":29,"column":0},"end":{"line":29,"column":25}}},"fnMap":{"0":{"name":"run","decl":{"start":{"line":5,"column":15},"end":{"line":5,"column":18}},"loc":{"start":{"line":5,"column":21},"end":{"line":8,"column":1}},"line":5},"1":{"name":"runService","decl":{"start":{"line":10,"column":15},"end":{"line":10,"column":25}},"loc":{"start":{"line":10,"column":34},"end":{"line":27,"column":1}},"line":10}},"branchMap":{"0":{"loc":{"start":{"line":7,"column":2},"end":{"line":7,"column":38}},"type":"if","locations":[{"start":{"line":7,"column":2},"end":{"line":7,"column":38}},{"start":{},"end":{}}],"line":7},"1":{"loc":{"start":{"line":11,"column":2},"end":{"line":26,"column":3}},"type":"switch","locations":[{"start":{"line":12,"column":4},"end":{"line":14,"column":18}},{"start":{"line":15,"column":4},"end":{"line":17,"column":18}},{"start":{"line":18,"column":4},"end":{"line":20,"column":18}},{"start":{"line":21,"column":4},"end":{"line":23,"column":18}},{"start":{"line":24,"column":4},"end":{"line":25,"column":19}}],"line":11}},"s":{"0":0,"1":0,"2":0,"3":0,"4":0,"5":0,"6":0,"7":0,"8":0,"9":0,"10":0,"11":0,"12":0,"13":0,"14":0,"15":0,"16":0},"f":{"0":0,"1":0},"b":{"0":[0,0],"1":[0,0,0,0,0]}}
,"/home/quackles/dev/trilogy/email-generator/src/service/student-service.js": {"path":"/home/quackles/dev/trilogy/email-generator/src/service/student-service.js","statementMap":{"0":{"start":{"line":1,"column":22},"end":{"line":1,"column":53}},"1":{"start":{"line":2,"column":19},"end":{"line":2,"column":50}},"2":{"start":{"line":7,"column":4},"end":{"line":7,"column":23}},"3":{"start":{"line":8,"column":31},"end":{"line":8,"column":50}},"4":{"start":{"line":9,"column":31},"end":{"line":9,"column":51}},"5":{"start":{"line":12,"column":54},"end":{"line":14,"column":3}},"6":{"start":{"line":15,"column":21},"end":{"line":22,"column":3}},"7":{"start":{"line":23,"column":2},"end":{"line":23,"column":51}},"8":{"start":{"line":24,"column":2},"end":{"line":24,"column":44}},"9":{"start":{"line":25,"column":2},"end":{"line":25,"column":34}},"10":{"start":{"line":29,"column":2},"end":{"line":29,"column":25}},"11":{"start":{"line":33,"column":41},"end":{"line":35,"column":3}},"12":{"start":{"line":36,"column":2},"end":{"line":42,"column":3}},"13":{"start":{"line":37,"column":4},"end":{"line":37,"column":44}},"14":{"start":{"line":38,"column":4},"end":{"line":38,"column":35}},"15":{"start":{"line":39,"column":4},"end":{"line":39,"column":36}},"16":{"start":{"line":41,"column":4},"end":{"line":41,"column":34}},"17":{"start":{"line":46,"column":23},"end":{"line":49,"column":44}},"18":{"start":{"line":50,"column":2},"end":{"line":50,"column":56}},"19":{"start":{"line":53,"column":0},"end":{"line":57,"column":2}}},"fnMap":{"0":{"name":"addStudent","decl":{"start":{"line":11,"column":15},"end":{"line":11,"column":25}},"loc":{"start":{"line":11,"column":28},"end":{"line":26,"column":1}},"line":11},"1":{"name":"editStudent","decl":{"start":{"line":28,"column":15},"end":{"line":28,"column":26}},"loc":{"start":{"line":28,"column":29},"end":{"line":30,"column":1}},"line":28},"2":{"name":"dropStudent","decl":{"start":{"line":32,"column":15},"end":{"line":32,"column":26}},"loc":{"start":{"line":32,"column":29},"end":{"line":43,"column":1}},"line":32},"3":{"name":"updateStudentListFile","decl":{"start":{"line":45,"column":9},"end":{"line":45,"column":30}},"loc":{"start":{"line":45,"column":46},"end":{"line":51,"column":1}},"line":45}},"branchMap":{"0":{"loc":{"start":{"line":36,"column":2},"end":{"line":42,"column":3}},"type":"if","locations":[{"start":{"line":36,"column":2},"end":{"line":42,"column":3}},{"start":{"line":40,"column":9},"end":{"line":42,"column":3}}],"line":36}},"s":{"0":0,"1":0,"2":0,"3":0,"4":0,"5":0,"6":0,"7":0,"8":0,"9":0,"10":0,"11":0,"12":0,"13":0,"14":0,"15":0,"16":0,"17":0,"18":0,"19":0},"f":{"0":0,"1":0,"2":0,"3":0},"b":{"0":[0,0]}}
,"/home/quackles/dev/trilogy/email-generator/src/utils/email-creation-utils.js": {"path":"/home/quackles/dev/trilogy/email-generator/src/utils/email-creation-utils.js","statementMap":{"0":{"start":{"line":1,"column":32},"end":{"line":1,"column":52}},"1":{"start":{"line":2,"column":32},"end":{"line":2,"column":63}},"2":{"start":{"line":3,"column":22},"end":{"line":3,"column":45}},"3":{"start":{"line":4,"column":26},"end":{"line":4,"column":68}},"4":{"start":{"line":7,"column":2},"end":{"line":18,"column":5}},"5":{"start":{"line":8,"column":18},"end":{"line":14,"column":5}},"6":{"start":{"line":16,"column":21},"end":{"line":16,"column":61}},"7":{"start":{"line":17,"column":4},"end":{"line":17,"column":31}},"8":{"start":{"line":22,"column":17},"end":{"line":22,"column":67}},"9":{"start":{"line":23,"column":41},"end":{"line":23,"column":62}},"10":{"start":{"line":24,"column":2},"end":{"line":26,"column":3}},"11":{"start":{"line":25,"column":4},"end":{"line":25,"column":44}},"12":{"start":{"line":27,"column":18},"end":{"line":27,"column":57}},"13":{"start":{"line":29,"column":2},"end":{"line":41,"column":15}},"14":{"start":{"line":46,"column":2},"end":{"line":48,"column":3}},"15":{"start":{"line":47,"column":4},"end":{"line":47,"column":36}},"16":{"start":{"line":49,"column":2},"end":{"line":58,"column":5}},"17":{"start":{"line":61,"column":0},"end":{"line":63,"column":2}}},"fnMap":{"0":{"name":"createEmails","decl":{"start":{"line":6,"column":9},"end":{"line":6,"column":21}},"loc":{"start":{"line":6,"column":29},"end":{"line":19,"column":1}},"line":6},"1":{"name":"(anonymous_1)","decl":{"start":{"line":7,"column":16},"end":{"line":7,"column":17}},"loc":{"start":{"line":7,"column":33},"end":{"line":18,"column":3}},"line":7},"2":{"name":"generateEmailBody","decl":{"start":{"line":21,"column":9},"end":{"line":21,"column":26}},"loc":{"start":{"line":21,"column":79},"end":{"line":42,"column":1}},"line":21},"3":{"name":"getApptString","decl":{"start":{"line":44,"column":9},"end":{"line":44,"column":22}},"loc":{"start":{"line":44,"column":47},"end":{"line":59,"column":1}},"line":44}},"branchMap":{"0":{"loc":{"start":{"line":21,"column":66},"end":{"line":21,"column":77}},"type":"default-arg","locations":[{"start":{"line":21,"column":73},"end":{"line":21,"column":77}}],"line":21},"1":{"loc":{"start":{"line":24,"column":2},"end":{"line":26,"column":3}},"type":"if","locations":[{"start":{"line":24,"column":2},"end":{"line":26,"column":3}},{"start":{},"end":{}}],"line":24},"2":{"loc":{"start":{"line":24,"column":6},"end":{"line":24,"column":39}},"type":"binary-expr","locations":[{"start":{"line":24,"column":6},"end":{"line":24,"column":15}},{"start":{"line":24,"column":19},"end":{"line":24,"column":28}},{"start":{"line":24,"column":32},"end":{"line":24,"column":39}}],"line":24},"3":{"loc":{"start":{"line":38,"column":37},"end":{"line":38,"column":70}},"type":"binary-expr","locations":[{"start":{"line":38,"column":37},"end":{"line":38,"column":45}},{"start":{"line":38,"column":49},"end":{"line":38,"column":70}}],"line":38},"4":{"loc":{"start":{"line":46,"column":2},"end":{"line":48,"column":3}},"type":"if","locations":[{"start":{"line":46,"column":2},"end":{"line":48,"column":3}},{"start":{},"end":{}}],"line":46}},"s":{"0":0,"1":0,"2":0,"3":0,"4":0,"5":0,"6":0,"7":0,"8":0,"9":0,"10":0,"11":0,"12":0,"13":0,"14":0,"15":0,"16":0,"17":0},"f":{"0":0,"1":0,"2":0,"3":0},"b":{"0":[0],"1":[0,0],"2":[0,0,0],"3":[0,0],"4":[0,0]}}
,"/home/quackles/dev/trilogy/email-generator/src/utils/file-utils.js": {"path":"/home/quackles/dev/trilogy/email-generator/src/utils/file-utils.js","statementMap":{"0":{"start":{"line":1,"column":11},"end":{"line":1,"column":24}},"1":{"start":{"line":4,"column":2},"end":{"line":7,"column":5}},"2":{"start":{"line":5,"column":4},"end":{"line":5,"column":23}},"3":{"start":{"line":5,"column":13},"end":{"line":5,"column":23}},"4":{"start":{"line":6,"column":4},"end":{"line":6,"column":39}},"5":{"start":{"line":10,"column":0},"end":{"line":10,"column":31}}},"fnMap":{"0":{"name":"writeFile","decl":{"start":{"line":3,"column":15},"end":{"line":3,"column":24}},"loc":{"start":{"line":3,"column":45},"end":{"line":8,"column":1}},"line":3},"1":{"name":"(anonymous_1)","decl":{"start":{"line":4,"column":35},"end":{"line":4,"column":36}},"loc":{"start":{"line":4,"column":44},"end":{"line":7,"column":3}},"line":4}},"branchMap":{"0":{"loc":{"start":{"line":5,"column":4},"end":{"line":5,"column":23}},"type":"if","locations":[{"start":{"line":5,"column":4},"end":{"line":5,"column":23}},{"start":{},"end":{}}],"line":5}},"s":{"0":0,"1":0,"2":0,"3":0,"4":0,"5":0},"f":{"0":0,"1":0},"b":{"0":[0,0]}}
,"/home/quackles/dev/trilogy/email-generator/src/utils/index.js": {"path":"/home/quackles/dev/trilogy/email-generator/src/utils/index.js","statementMap":{"0":{"start":{"line":1,"column":25},"end":{"line":1,"column":58}},"1":{"start":{"line":2,"column":22},"end":{"line":2,"column":45}},"2":{"start":{"line":3,"column":20},"end":{"line":3,"column":43}},"3":{"start":{"line":5,"column":0},"end":{"line":5,"column":54}}},"fnMap":{},"branchMap":{},"s":{"0":0,"1":0,"2":0,"3":0},"f":{},"b":{}}
,"/home/quackles/dev/trilogy/email-generator/src/utils/menu-utils.js": {"path":"/home/quackles/dev/trilogy/email-generator/src/utils/menu-utils.js","statementMap":{"0":{"start":{"line":1,"column":17},"end":{"line":1,"column":36}},"1":{"start":{"line":4,"column":2},"end":{"line":4,"column":37}},"2":{"start":{"line":7,"column":0},"end":{"line":7,"column":29}}},"fnMap":{"0":{"name":"runMenu","decl":{"start":{"line":3,"column":15},"end":{"line":3,"column":22}},"loc":{"start":{"line":3,"column":29},"end":{"line":5,"column":1}},"line":3}},"branchMap":{},"s":{"0":0,"1":0,"2":0},"f":{"0":0},"b":{}}
}
