TN:
SF:src/app.js
FN:11,init
FNF:1
FNH:0
FNDA:0,init
DA:1,0
DA:2,0
DA:4,0
DA:12,0
DA:15,0
LF:5
LH:0
BRF:0
BRH:0
end_of_record
TN:
SF:src/consts/index.js
FNF:0
FNH:0
DA:1,3
DA:2,3
DA:3,3
DA:4,3
DA:6,3
LF:5
LH:5
BRF:0
BRH:0
end_of_record
TN:
SF:src/consts/locales.js
FN:8,(anonymous_0)
FNF:1
FNH:1
FNDA:4,(anonymous_0)
DA:1,3
DA:8,3
DA:9,4
DA:11,1
DA:13,1
DA:15,0
DA:17,1
DA:19,1
DA:23,3
LF:9
LH:8
BRDA:9,0,0,1
BRDA:9,0,1,1
BRDA:9,0,2,0
BRDA:9,0,3,1
BRDA:9,0,4,1
BRF:5
BRH:4
end_of_record
TN:
SF:src/consts/message.js
FN:2,(anonymous_0)
FNF:1
FNH:1
FNDA:1,(anonymous_0)
DA:1,3
DA:9,1
DA:52,3
LF:3
LH:3
BRDA:17,0,0,1
BRDA:17,0,1,0
BRF:2
BRH:1
end_of_record
TN:
SF:src/consts/months.js
FN:17,(anonymous_0)
FNF:1
FNH:1
FNDA:3,(anonymous_0)
DA:1,3
DA:17,3
DA:20,3
LF:3
LH:3
BRF:0
BRH:0
end_of_record
TN:
SF:src/consts/timezones.js
FN:19,(anonymous_0)
FNF:1
FNH:1
FNDA:1,(anonymous_0)
DA:2,3
DA:19,3
DA:20,1
LF:3
LH:3
BRF:0
BRH:0
end_of_record
TN:
SF:src/data/student-list.example.js
FNF:0
FNH:0
DA:3,1
DA:10,1
DA:23,1
LF:3
LH:3
BRF:0
BRH:0
end_of_record
TN:
SF:src/data/student-list.js
FNF:0
FNH:0
DA:1,2
DA:2,2
DA:4,2
LF:3
LH:3
BRF:0
BRH:0
end_of_record
TN:
SF:src/menu/appointment-menu.js
FN:26,(anonymous_0)
FN:37,(anonymous_1)
FNF:2
FNH:0
FNDA:0,(anonymous_0)
FNDA:0,(anonymous_1)
DA:1,1
DA:2,1
DA:4,1
DA:27,0
DA:28,0
DA:30,0
DA:38,0
DA:39,0
DA:41,0
DA:47,1
LF:10
LH:4
BRDA:27,0,0,0
BRDA:27,0,1,0
BRDA:27,1,0,0
BRDA:27,1,1,0
BRDA:38,2,0,0
BRDA:38,2,1,0
BRDA:38,3,0,0
BRDA:38,3,1,0
BRF:8
BRH:0
end_of_record
TN:
SF:src/menu/index.js
FNF:0
FNH:0
DA:5,1
DA:6,1
DA:7,1
DA:9,1
LF:4
LH:4
BRF:0
BRH:0
end_of_record
TN:
SF:src/menu/main-menu.js
FNF:0
FNH:0
DA:1,1
DA:9,1
DA:18,1
LF:3
LH:3
BRF:0
BRH:0
end_of_record
TN:
SF:src/menu/student-menu.js
FNF:0
FNH:0
DA:1,1
DA:2,1
DA:8,1
DA:33,1
DA:48,1
DA:53,1
LF:6
LH:6
BRF:0
BRH:0
end_of_record
TN:
SF:src/service/appointment-service.js
FN:6,(anonymous_0)
FN:18,(anonymous_1)
FN:26,(anonymous_2)
FNF:3
FNH:0
FNDA:0,(anonymous_0)
FNDA:0,(anonymous_1)
FNDA:0,(anonymous_2)
DA:1,0
DA:2,0
DA:4,0
DA:6,0
DA:7,0
DA:8,0
DA:15,0
DA:18,0
DA:19,0
DA:20,0
DA:21,0
DA:22,0
DA:26,0
DA:27,0
DA:28,0
DA:31,0
LF:16
LH:0
BRF:0
BRH:0
end_of_record
TN:
SF:src/service/main-service.js
FN:6,run
FN:11,runService
FNF:2
FNH:0
FNDA:0,run
FNDA:0,runService
DA:1,0
DA:2,0
DA:3,0
DA:4,0
DA:7,0
DA:8,0
DA:12,0
DA:14,0
DA:15,0
DA:17,0
DA:18,0
DA:20,0
DA:21,0
DA:23,0
DA:24,0
DA:26,0
DA:30,0
LF:17
LH:0
BRDA:8,0,0,0
BRDA:8,0,1,0
BRDA:12,1,0,0
BRDA:12,1,1,0
BRDA:12,1,2,0
BRDA:12,1,3,0
BRDA:12,1,4,0
BRF:7
BRH:0
end_of_record
TN:
SF:src/service/student-service.js
FN:7,addStudent
FN:28,dropStudent
FN:45,updateStudentListFile
FNF:3
FNH:0
FNDA:0,addStudent
FNDA:0,dropStudent
FNDA:0,updateStudentListFile
DA:1,0
DA:2,0
DA:3,0
DA:4,0
DA:5,0
DA:8,0
DA:11,0
DA:19,0
DA:24,0
DA:25,0
DA:29,0
DA:32,0
DA:33,0
DA:38,0
DA:39,0
DA:41,0
DA:46,0
DA:50,0
DA:53,0
LF:19
LH:0
BRDA:32,0,0,0
BRDA:32,0,1,0
BRF:2
BRH:0
end_of_record
TN:
SF:src/utils/email-creation-utils.js
FN:6,createEmails
FN:7,(anonymous_1)
FN:21,generateEmailBody
FN:44,getApptString
FNF:4
FNH:0
FNDA:0,createEmails
FNDA:0,(anonymous_1)
FNDA:0,generateEmailBody
FNDA:0,getApptString
DA:1,1
DA:2,1
DA:3,1
DA:4,1
DA:7,0
DA:8,0
DA:16,0
DA:17,0
DA:22,0
DA:23,0
DA:24,0
DA:25,0
DA:27,0
DA:29,0
DA:46,0
DA:47,0
DA:49,0
DA:61,1
LF:18
LH:5
BRDA:21,0,0,0
BRDA:24,1,0,0
BRDA:24,1,1,0
BRDA:24,2,0,0
BRDA:24,2,1,0
BRDA:24,2,2,0
BRDA:38,3,0,0
BRDA:38,3,1,0
BRDA:46,4,0,0
BRDA:46,4,1,0
BRF:10
BRH:0
end_of_record
TN:
SF:src/utils/file-utils.js
FN:3,writeFile
FN:4,(anonymous_1)
FNF:2
FNH:0
FNDA:0,writeFile
FNDA:0,(anonymous_1)
DA:1,1
DA:4,0
DA:5,0
DA:6,0
DA:10,1
LF:5
LH:2
BRDA:5,0,0,0
BRDA:5,0,1,0
BRF:2
BRH:0
end_of_record
TN:
SF:src/utils/index.js
FNF:0
FNH:0
DA:1,1
DA:2,1
DA:3,1
DA:5,1
LF:4
LH:4
BRF:0
BRH:0
end_of_record
TN:
SF:src/utils/menu-utils.js
FN:3,runMenu
FNF:1
FNH:0
FNDA:0,runMenu
DA:1,1
DA:4,0
DA:7,1
LF:3
LH:2
BRF:0
BRH:0
end_of_record
